<?xml version="1.0" encoding="UTF-8"?>
<testsuite xmlns:xsi="http://www.w3.org/2001/XMLSchema-instance" xsi:noNamespaceSchemaLocation="https://maven.apache.org/surefire/maven-surefire-plugin/xsd/surefire-test-report-3.0.xsd" version="3.0" name="no.blackjack.domain.PlayerTest" time="0.056" tests="2" errors="0" skipped="0" failures="0">
  <properties>
    <property name="gopherProxySet" value="false"/>
    <property name="awt.toolkit" value="sun.lwawt.macosx.LWCToolkit"/>
    <property name="java.specification.version" value="11"/>
    <property name="sun.cpu.isalist" value=""/>
    <property name="sun.jnu.encoding" value="UTF-8"/>
    <property name="java.class.path" value="/Users/mats.skjaerstein/.m2/repository/org/apache/maven/surefire/surefire-booter/3.0.0-M5/surefire-booter-3.0.0-M5.jar:/Users/mats.skjaerstein/.m2/repository/org/apache/maven/surefire/surefire-api/3.0.0-M5/surefire-api-3.0.0-M5.jar:/Users/mats.skjaerstein/.m2/repository/org/apache/maven/surefire/surefire-logger-api/3.0.0-M5/surefire-logger-api-3.0.0-M5.jar:/Users/mats.skjaerstein/.m2/repository/org/apache/maven/surefire/surefire-shared-utils/3.0.0-M4/surefire-shared-utils-3.0.0-M4.jar:/Users/mats.skjaerstein/.m2/repository/org/apache/maven/surefire/surefire-extensions-spi/3.0.0-M5/surefire-extensions-spi-3.0.0-M5.jar:/Users/mats.skjaerstein/Dev/Personal/Blackjack/target/test-classes:/Users/mats.skjaerstein/Dev/Personal/Blackjack/target/classes:/Users/mats.skjaerstein/.m2/repository/org/jetbrains/kotlin/kotlin-stdlib-jdk8/1.7.0/kotlin-stdlib-jdk8-1.7.0.jar:/Users/mats.skjaerstein/.m2/repository/org/jetbrains/kotlin/kotlin-stdlib/1.7.0/kotlin-stdlib-1.7.0.jar:/Users/mats.skjaerstein/.m2/repository/org/jetbrains/kotlin/kotlin-stdlib-common/1.7.0/kotlin-stdlib-common-1.7.0.jar:/Users/mats.skjaerstein/.m2/repository/org/jetbrains/annotations/13.0/annotations-13.0.jar:/Users/mats.skjaerstein/.m2/repository/org/jetbrains/kotlin/kotlin-stdlib-jdk7/1.7.0/kotlin-stdlib-jdk7-1.7.0.jar:/Users/mats.skjaerstein/.m2/repository/org/jetbrains/kotlin/kotlin-test-junit5/1.7.0/kotlin-test-junit5-1.7.0.jar:/Users/mats.skjaerstein/.m2/repository/org/jetbrains/kotlin/kotlin-test/1.7.0/kotlin-test-1.7.0.jar:/Users/mats.skjaerstein/.m2/repository/org/junit/jupiter/junit-jupiter-api/5.8.2/junit-jupiter-api-5.8.2.jar:/Users/mats.skjaerstein/.m2/repository/org/opentest4j/opentest4j/1.2.0/opentest4j-1.2.0.jar:/Users/mats.skjaerstein/.m2/repository/org/junit/platform/junit-platform-commons/1.8.2/junit-platform-commons-1.8.2.jar:/Users/mats.skjaerstein/.m2/repository/org/apiguardian/apiguardian-api/1.1.2/apiguardian-api-1.1.2.jar:/Users/mats.skjaerstein/.m2/repository/org/junit/jupiter/junit-jupiter/5.8.2/junit-jupiter-5.8.2.jar:/Users/mats.skjaerstein/.m2/repository/org/junit/jupiter/junit-jupiter-params/5.8.2/junit-jupiter-params-5.8.2.jar:/Users/mats.skjaerstein/.m2/repository/org/junit/jupiter/junit-jupiter-engine/5.8.2/junit-jupiter-engine-5.8.2.jar:/Users/mats.skjaerstein/.m2/repository/org/junit/platform/junit-platform-engine/1.8.2/junit-platform-engine-1.8.2.jar:/Users/mats.skjaerstein/.m2/repository/org/apache/maven/surefire/surefire-junit-platform/3.0.0-M5/surefire-junit-platform-3.0.0-M5.jar:/Users/mats.skjaerstein/.m2/repository/org/apache/maven/surefire/common-java5/3.0.0-M5/common-java5-3.0.0-M5.jar:/Users/mats.skjaerstein/.m2/repository/org/junit/platform/junit-platform-launcher/1.8.2/junit-platform-launcher-1.8.2.jar"/>
    <property name="java.vm.vendor" value="Oracle Corporation"/>
    <property name="sun.arch.data.model" value="64"/>
    <property name="java.vendor.url" value="http://java.oracle.com/"/>
    <property name="user.timezone" value=""/>
    <property name="java.vm.specification.version" value="11"/>
    <property name="os.name" value="Mac OS X"/>
    <property name="sun.java.launcher" value="SUN_STANDARD"/>
    <property name="user.country" value="NO"/>
    <property name="sun.boot.library.path" value="/Library/Java/JavaVirtualMachines/jdk-11.0.5.jdk/Contents/Home/lib"/>
    <property name="sun.java.command" value="org.apache.maven.surefire.booter.ForkedBooter /Users/mats.skjaerstein/Dev/Personal/Blackjack/target/surefire 2022-07-03T20-59-16_773-jvmRun1 surefire29239590327447400tmp surefire_010231304176222229052tmp"/>
    <property name="http.nonProxyHosts" value="local|*.local|169.254/16|*.169.254/16"/>
    <property name="jdk.debug" value="release"/>
    <property name="surefire.test.class.path" value="/Users/mats.skjaerstein/Dev/Personal/Blackjack/target/test-classes:/Users/mats.skjaerstein/Dev/Personal/Blackjack/target/classes:/Users/mats.skjaerstein/.m2/repository/org/jetbrains/kotlin/kotlin-stdlib-jdk8/1.7.0/kotlin-stdlib-jdk8-1.7.0.jar:/Users/mats.skjaerstein/.m2/repository/org/jetbrains/kotlin/kotlin-stdlib/1.7.0/kotlin-stdlib-1.7.0.jar:/Users/mats.skjaerstein/.m2/repository/org/jetbrains/kotlin/kotlin-stdlib-common/1.7.0/kotlin-stdlib-common-1.7.0.jar:/Users/mats.skjaerstein/.m2/repository/org/jetbrains/annotations/13.0/annotations-13.0.jar:/Users/mats.skjaerstein/.m2/repository/org/jetbrains/kotlin/kotlin-stdlib-jdk7/1.7.0/kotlin-stdlib-jdk7-1.7.0.jar:/Users/mats.skjaerstein/.m2/repository/org/jetbrains/kotlin/kotlin-test-junit5/1.7.0/kotlin-test-junit5-1.7.0.jar:/Users/mats.skjaerstein/.m2/repository/org/jetbrains/kotlin/kotlin-test/1.7.0/kotlin-test-1.7.0.jar:/Users/mats.skjaerstein/.m2/repository/org/junit/jupiter/junit-jupiter-api/5.8.2/junit-jupiter-api-5.8.2.jar:/Users/mats.skjaerstein/.m2/repository/org/opentest4j/opentest4j/1.2.0/opentest4j-1.2.0.jar:/Users/mats.skjaerstein/.m2/repository/org/junit/platform/junit-platform-commons/1.8.2/junit-platform-commons-1.8.2.jar:/Users/mats.skjaerstein/.m2/repository/org/apiguardian/apiguardian-api/1.1.2/apiguardian-api-1.1.2.jar:/Users/mats.skjaerstein/.m2/repository/org/junit/jupiter/junit-jupiter/5.8.2/junit-jupiter-5.8.2.jar:/Users/mats.skjaerstein/.m2/repository/org/junit/jupiter/junit-jupiter-params/5.8.2/junit-jupiter-params-5.8.2.jar:/Users/mats.skjaerstein/.m2/repository/org/junit/jupiter/junit-jupiter-engine/5.8.2/junit-jupiter-engine-5.8.2.jar:/Users/mats.skjaerstein/.m2/repository/org/junit/platform/junit-platform-engine/1.8.2/junit-platform-engine-1.8.2.jar:"/>
    <property name="sun.cpu.endian" value="little"/>
    <property name="user.home" value="/Users/mats.skjaerstein"/>
    <property name="user.language" value="nb"/>
    <property name="java.specification.vendor" value="Oracle Corporation"/>
    <property name="java.version.date" value="2019-10-15"/>
    <property name="java.home" value="/Library/Java/JavaVirtualMachines/jdk-11.0.5.jdk/Contents/Home"/>
    <property name="file.separator" value="/"/>
    <property name="basedir" value="/Users/mats.skjaerstein/Dev/Personal/Blackjack"/>
    <property name="java.vm.compressedOopsMode" value="Zero based"/>
    <property name="line.separator" value="&#10;"/>
    <property name="java.specification.name" value="Java Platform API Specification"/>
    <property name="java.vm.specification.vendor" value="Oracle Corporation"/>
    <property name="java.awt.graphicsenv" value="sun.awt.CGraphicsEnvironment"/>
    <property name="sun.management.compiler" value="HotSpot 64-Bit Tiered Compilers"/>
    <property name="ftp.nonProxyHosts" value="local|*.local|169.254/16|*.169.254/16"/>
    <property name="java.runtime.version" value="11.0.5+10-LTS"/>
    <property name="user.name" value="mats.skjaerstein"/>
    <property name="path.separator" value=":"/>
    <property name="os.version" value="10.16"/>
    <property name="java.runtime.name" value="Java(TM) SE Runtime Environment"/>
    <property name="file.encoding" value="UTF-8"/>
    <property name="java.vm.name" value="Java HotSpot(TM) 64-Bit Server VM"/>
    <property name="java.vendor.version" value="18.9"/>
    <property name="localRepository" value="/Users/mats.skjaerstein/.m2/repository"/>
    <property name="java.vendor.url.bug" value="http://bugreport.java.com/bugreport/"/>
    <property name="java.io.tmpdir" value="/var/folders/r_/6_22hcr54dn5pdqvmbl5q9k00000gn/T/"/>
    <property name="java.version" value="11.0.5"/>
    <property name="user.dir" value="/Users/mats.skjaerstein/Dev/Personal/Blackjack"/>
    <property name="os.arch" value="x86_64"/>
    <property name="java.vm.specification.name" value="Java Virtual Machine Specification"/>
    <property name="java.awt.printerjob" value="sun.lwawt.macosx.CPrinterJob"/>
    <property name="sun.os.patch.level" value="unknown"/>
    <property name="java.library.path" value="/Users/mats.skjaerstein/Library/Java/Extensions:/Library/Java/Extensions:/Network/Library/Java/Extensions:/System/Library/Java/Extensions:/usr/lib/java:."/>
    <property name="java.vendor" value="Oracle Corporation"/>
    <property name="java.vm.info" value="mixed mode"/>
    <property name="java.vm.version" value="11.0.5+10-LTS"/>
    <property name="sun.io.unicode.encoding" value="UnicodeBig"/>
    <property name="java.class.version" value="55.0"/>
    <property name="socksNonProxyHosts" value="local|*.local|169.254/16|*.169.254/16"/>
  </properties>
  <testcase name="calculateScoreOfHand should return 0 when empty" classname="no.blackjack.domain.PlayerTest" time="0.036"/>
  <testcase name="calculateScoreOfHand should return expected score" classname="no.blackjack.domain.PlayerTest" time="0.001"/>
</testsuite>